<?xml version="1.0" encoding="UTF-8"?>
<!-- Generated by org.testng.reporters.JUnitXMLReporter -->
<testsuite hostname="Admin-PC" name="Default test" tests="3" failures="0" timestamp="24 Jul 2019 18:08:07 GMT" time="93.333" errors="0">
  <testcase name="verifyHomePageTitle" time="0.038" classname="com.zoopla.qa.TestCases.HomePageTest"/>
  <testcase name="verityZooplaLogo" time="0.325" classname="com.zoopla.qa.TestCases.HomePageTest"/>
  <testcase name="enterCityNameToSearchBox" time="13.121" classname="com.zoopla.qa.TestCases.HomePageTest"/>
</testsuite> <!-- Default test -->
