<?xml version="1.0" encoding="UTF-8"?>
<!-- Generated by org.testng.reporters.JUnitXMLReporter -->
<testsuite hostname="PAVAN-PC" ignored="3" name="Default test" tests="1" failures="0" timestamp="15 Jun 2019 10:38:52 GMT" time="43.477" errors="0">
  <testcase name="clickOnPositionValue" time="15.681" classname="com.crm.qa.TestCases.SalesPageTest"/>
  <testcase name="printListValues" time="0.0" classname="com.crm.qa.TestCases.SalesPageTest">
    <ignored/>
  </testcase> <!-- printListValues -->
  <testcase name="verifySalesPageTitle" time="0.0" classname="com.crm.qa.TestCases.SalesPageTest">
    <ignored/>
  </testcase> <!-- verifySalesPageTitle -->
  <testcase name="verityZooplaLogo" time="0.0" classname="com.crm.qa.TestCases.SalesPageTest">
    <ignored/>
  </testcase> <!-- verityZooplaLogo -->
</testsuite> <!-- Default test -->
