<?xml version="1.0" encoding="UTF-8"?>
<testng-results skipped="0" failed="2" total="7" passed="5">
  <reporter-output>
  </reporter-output>
  <suite name="Zoopla Suite" duration-ms="155206" started-at="2019-08-07T16:11:59Z" finished-at="2019-08-07T16:14:34Z">
    <groups>
    </groups>
    <test name="Zoopla Tests" duration-ms="155206" started-at="2019-08-07T16:11:59Z" finished-at="2019-08-07T16:14:34Z">
      <class name="com.zoopla.qa.TestCases.SalesPageTest">
        <test-method status="PASS" signature="setUp()[pri:0, instance:com.zoopla.qa.TestCases.SalesPageTest@6536e911]" name="setUp" is-config="true" duration-ms="19145" started-at="2019-08-07T21:42:46Z" finished-at="2019-08-07T21:43:05Z">
          <reporter-output>
          </reporter-output>
        </test-method> <!-- setUp -->
        <test-method status="FAIL" signature="verifySalesPageTitle(java.lang.reflect.Method)[pri:1, instance:com.zoopla.qa.TestCases.SalesPageTest@6536e911]" name="verifySalesPageTitle" duration-ms="15" started-at="2019-08-07T21:43:05Z" finished-at="2019-08-07T21:43:05Z">
          <params>
            <param index="0">
              <value>
                <![CDATA[public void com.zoopla.qa.TestCases.SalesPageTest.verifySalesPageTitle(java.lang.reflect.Method)]]>
              </value>
            </param>
          </params>
          <exception class="java.lang.AssertionError">
            <message>
              <![CDATA[expected [Property for Sale in London - Buy Properties in London - Zoopla11] but found [Property for Sale in London - Buy Properties in London - Zoopla]]]>
            </message>
            <full-stacktrace>
              <![CDATA[java.lang.AssertionError: expected [Property for Sale in London - Buy Properties in London - Zoopla11] but found [Property for Sale in London - Buy Properties in London - Zoopla]
	at org.testng.Assert.fail(Assert.java:94)
	at org.testng.Assert.failNotEquals(Assert.java:513)
	at org.testng.Assert.assertEqualsImpl(Assert.java:135)
	at org.testng.Assert.assertEquals(Assert.java:116)
	at org.testng.Assert.assertEquals(Assert.java:190)
	at org.testng.Assert.assertEquals(Assert.java:200)
	at com.zoopla.qa.TestCases.SalesPageTest.verifySalesPageTitle(SalesPageTest.java:40)
	at sun.reflect.NativeMethodAccessorImpl.invoke0(Native Method)
	at sun.reflect.NativeMethodAccessorImpl.invoke(Unknown Source)
	at sun.reflect.DelegatingMethodAccessorImpl.invoke(Unknown Source)
	at java.lang.reflect.Method.invoke(Unknown Source)
	at org.testng.internal.MethodInvocationHelper.invokeMethod(MethodInvocationHelper.java:86)
	at org.testng.internal.Invoker.invokeMethod(Invoker.java:646)
	at org.testng.internal.Invoker.invokeTestMethod(Invoker.java:823)
	at org.testng.internal.Invoker.invokeTestMethods(Invoker.java:1131)
	at org.testng.internal.TestMethodWorker.invokeTestMethods(TestMethodWorker.java:129)
	at org.testng.internal.TestMethodWorker.run(TestMethodWorker.java:112)
	at org.testng.TestRunner.privateRun(TestRunner.java:778)
	at org.testng.TestRunner.run(TestRunner.java:632)
	at org.testng.SuiteRunner.runTest(SuiteRunner.java:366)
	at org.testng.SuiteRunner.runSequentially(SuiteRunner.java:361)
	at org.testng.SuiteRunner.privateRun(SuiteRunner.java:319)
	at org.testng.SuiteRunner.run(SuiteRunner.java:268)
	at org.testng.SuiteRunnerWorker.runSuite(SuiteRunnerWorker.java:52)
	at org.testng.SuiteRunnerWorker.run(SuiteRunnerWorker.java:86)
	at org.testng.TestNG.runSuitesSequentially(TestNG.java:1225)
	at org.testng.TestNG.runSuitesLocally(TestNG.java:1150)
	at org.testng.TestNG.runSuites(TestNG.java:1075)
	at org.testng.TestNG.run(TestNG.java:1047)
	at org.testng.remote.AbstractRemoteTestNG.run(AbstractRemoteTestNG.java:126)
	at org.testng.remote.RemoteTestNG.initAndRun(RemoteTestNG.java:137)
	at org.testng.remote.RemoteTestNG.main(RemoteTestNG.java:58)
]]>
            </full-stacktrace>
          </exception> <!-- java.lang.AssertionError -->
          <reporter-output>
          </reporter-output>
        </test-method> <!-- verifySalesPageTitle -->
        <test-method status="PASS" signature="tearDown(org.testng.ITestResult)[pri:0, instance:com.zoopla.qa.TestCases.SalesPageTest@6536e911]" name="tearDown" is-config="true" duration-ms="1129" started-at="2019-08-07T21:43:05Z" finished-at="2019-08-07T21:43:06Z">
          <params>
            <param index="0">
              <value>
                <![CDATA[[TestResult name=verifySalesPageTitle status=FAILURE method=SalesPageTest.verifySalesPageTitle(java.lang.reflect.Method)[pri:1, instance:com.zoopla.qa.TestCases.SalesPageTest@6536e911] output={null}]]]>
              </value>
            </param>
          </params>
          <reporter-output>
          </reporter-output>
        </test-method> <!-- tearDown -->
        <test-method status="PASS" signature="setUp()[pri:0, instance:com.zoopla.qa.TestCases.SalesPageTest@6536e911]" name="setUp" is-config="true" duration-ms="18279" started-at="2019-08-07T21:43:06Z" finished-at="2019-08-07T21:43:25Z">
          <reporter-output>
          </reporter-output>
        </test-method> <!-- setUp -->
        <test-method status="PASS" signature="verityZooplaLogo(java.lang.reflect.Method)[pri:2, instance:com.zoopla.qa.TestCases.SalesPageTest@6536e911]" name="verityZooplaLogo" duration-ms="51" started-at="2019-08-07T21:43:25Z" finished-at="2019-08-07T21:43:25Z">
          <params>
            <param index="0">
              <value>
                <![CDATA[public void com.zoopla.qa.TestCases.SalesPageTest.verityZooplaLogo(java.lang.reflect.Method)]]>
              </value>
            </param>
          </params>
          <reporter-output>
          </reporter-output>
        </test-method> <!-- verityZooplaLogo -->
        <test-method status="PASS" signature="tearDown(org.testng.ITestResult)[pri:0, instance:com.zoopla.qa.TestCases.SalesPageTest@6536e911]" name="tearDown" is-config="true" duration-ms="663" started-at="2019-08-07T21:43:25Z" finished-at="2019-08-07T21:43:25Z">
          <params>
            <param index="0">
              <value>
                <![CDATA[[TestResult name=verityZooplaLogo status=SUCCESS method=SalesPageTest.verityZooplaLogo(java.lang.reflect.Method)[pri:2, instance:com.zoopla.qa.TestCases.SalesPageTest@6536e911] output={null}]]]>
              </value>
            </param>
          </params>
          <reporter-output>
          </reporter-output>
        </test-method> <!-- tearDown -->
        <test-method status="PASS" signature="setUp()[pri:0, instance:com.zoopla.qa.TestCases.SalesPageTest@6536e911]" name="setUp" is-config="true" duration-ms="41483" started-at="2019-08-07T21:43:25Z" finished-at="2019-08-07T21:44:07Z">
          <reporter-output>
          </reporter-output>
        </test-method> <!-- setUp -->
        <test-method status="PASS" signature="printListValues(java.lang.reflect.Method)[pri:3, instance:com.zoopla.qa.TestCases.SalesPageTest@6536e911]" name="printListValues" duration-ms="1056" started-at="2019-08-07T21:44:07Z" finished-at="2019-08-07T21:44:08Z">
          <params>
            <param index="0">
              <value>
                <![CDATA[public void com.zoopla.qa.TestCases.SalesPageTest.printListValues(java.lang.reflect.Method)]]>
              </value>
            </param>
          </params>
          <reporter-output>
          </reporter-output>
        </test-method> <!-- printListValues -->
        <test-method status="PASS" signature="tearDown(org.testng.ITestResult)[pri:0, instance:com.zoopla.qa.TestCases.SalesPageTest@6536e911]" name="tearDown" is-config="true" duration-ms="651" started-at="2019-08-07T21:44:08Z" finished-at="2019-08-07T21:44:09Z">
          <params>
            <param index="0">
              <value>
                <![CDATA[[TestResult name=printListValues status=SUCCESS method=SalesPageTest.printListValues(java.lang.reflect.Method)[pri:3, instance:com.zoopla.qa.TestCases.SalesPageTest@6536e911] output={null}]]]>
              </value>
            </param>
          </params>
          <reporter-output>
          </reporter-output>
        </test-method> <!-- tearDown -->
        <test-method status="PASS" signature="setUp()[pri:0, instance:com.zoopla.qa.TestCases.SalesPageTest@6536e911]" name="setUp" is-config="true" duration-ms="19968" started-at="2019-08-07T21:44:09Z" finished-at="2019-08-07T21:44:29Z">
          <reporter-output>
          </reporter-output>
        </test-method> <!-- setUp -->
        <test-method status="PASS" signature="clickOnPositionValue(java.lang.reflect.Method)[pri:4, instance:com.zoopla.qa.TestCases.SalesPageTest@6536e911]" name="clickOnPositionValue" duration-ms="4254" started-at="2019-08-07T21:44:29Z" finished-at="2019-08-07T21:44:33Z">
          <params>
            <param index="0">
              <value>
                <![CDATA[public void com.zoopla.qa.TestCases.SalesPageTest.clickOnPositionValue(java.lang.reflect.Method)]]>
              </value>
            </param>
          </params>
          <reporter-output>
          </reporter-output>
        </test-method> <!-- clickOnPositionValue -->
        <test-method status="PASS" signature="tearDown(org.testng.ITestResult)[pri:0, instance:com.zoopla.qa.TestCases.SalesPageTest@6536e911]" name="tearDown" is-config="true" duration-ms="635" started-at="2019-08-07T21:44:33Z" finished-at="2019-08-07T21:44:34Z">
          <params>
            <param index="0">
              <value>
                <![CDATA[[TestResult name=clickOnPositionValue status=SUCCESS method=SalesPageTest.clickOnPositionValue(java.lang.reflect.Method)[pri:4, instance:com.zoopla.qa.TestCases.SalesPageTest@6536e911] output={null}]]]>
              </value>
            </param>
          </params>
          <reporter-output>
          </reporter-output>
        </test-method> <!-- tearDown -->
      </class> <!-- com.zoopla.qa.TestCases.SalesPageTest -->
      <class name="com.zoopla.qa.TestCases.HomePageTest">
        <test-method status="PASS" signature="setExtent()[pri:0, instance:com.zoopla.qa.TestCases.HomePageTest@6b09bb57]" name="setExtent" is-config="true" duration-ms="167" started-at="2019-08-07T21:41:59Z" finished-at="2019-08-07T21:41:59Z">
          <reporter-output>
          </reporter-output>
        </test-method> <!-- setExtent -->
        <test-method status="PASS" signature="setUp()[pri:0, instance:com.zoopla.qa.TestCases.HomePageTest@6b09bb57]" name="setUp" is-config="true" duration-ms="15871" started-at="2019-08-07T21:41:59Z" finished-at="2019-08-07T21:42:15Z">
          <reporter-output>
          </reporter-output>
        </test-method> <!-- setUp -->
        <test-method status="FAIL" signature="verifyHomePageTitle(java.lang.reflect.Method)[pri:1, instance:com.zoopla.qa.TestCases.HomePageTest@6b09bb57]" name="verifyHomePageTitle" duration-ms="33" started-at="2019-08-07T21:42:15Z" finished-at="2019-08-07T21:42:15Z">
          <params>
            <param index="0">
              <value>
                <![CDATA[public void com.zoopla.qa.TestCases.HomePageTest.verifyHomePageTitle(java.lang.reflect.Method)]]>
              </value>
            </param>
          </params>
          <exception class="java.lang.AssertionError">
            <message>
              <![CDATA[expected [Zoopla > Search Property to Buy, Rent, House Prices, Estate Agents11] but found [Zoopla > Search Property to Buy, Rent, House Prices, Estate Agents]]]>
            </message>
            <full-stacktrace>
              <![CDATA[java.lang.AssertionError: expected [Zoopla > Search Property to Buy, Rent, House Prices, Estate Agents11] but found [Zoopla > Search Property to Buy, Rent, House Prices, Estate Agents]
	at org.testng.Assert.fail(Assert.java:94)
	at org.testng.Assert.failNotEquals(Assert.java:513)
	at org.testng.Assert.assertEqualsImpl(Assert.java:135)
	at org.testng.Assert.assertEquals(Assert.java:116)
	at org.testng.Assert.assertEquals(Assert.java:190)
	at org.testng.Assert.assertEquals(Assert.java:200)
	at com.zoopla.qa.TestCases.HomePageTest.verifyHomePageTitle(HomePageTest.java:38)
	at sun.reflect.NativeMethodAccessorImpl.invoke0(Native Method)
	at sun.reflect.NativeMethodAccessorImpl.invoke(Unknown Source)
	at sun.reflect.DelegatingMethodAccessorImpl.invoke(Unknown Source)
	at java.lang.reflect.Method.invoke(Unknown Source)
	at org.testng.internal.MethodInvocationHelper.invokeMethod(MethodInvocationHelper.java:86)
	at org.testng.internal.Invoker.invokeMethod(Invoker.java:646)
	at org.testng.internal.Invoker.invokeTestMethod(Invoker.java:823)
	at org.testng.internal.Invoker.invokeTestMethods(Invoker.java:1131)
	at org.testng.internal.TestMethodWorker.invokeTestMethods(TestMethodWorker.java:129)
	at org.testng.internal.TestMethodWorker.run(TestMethodWorker.java:112)
	at org.testng.TestRunner.privateRun(TestRunner.java:778)
	at org.testng.TestRunner.run(TestRunner.java:632)
	at org.testng.SuiteRunner.runTest(SuiteRunner.java:366)
	at org.testng.SuiteRunner.runSequentially(SuiteRunner.java:361)
	at org.testng.SuiteRunner.privateRun(SuiteRunner.java:319)
	at org.testng.SuiteRunner.run(SuiteRunner.java:268)
	at org.testng.SuiteRunnerWorker.runSuite(SuiteRunnerWorker.java:52)
	at org.testng.SuiteRunnerWorker.run(SuiteRunnerWorker.java:86)
	at org.testng.TestNG.runSuitesSequentially(TestNG.java:1225)
	at org.testng.TestNG.runSuitesLocally(TestNG.java:1150)
	at org.testng.TestNG.runSuites(TestNG.java:1075)
	at org.testng.TestNG.run(TestNG.java:1047)
	at org.testng.remote.AbstractRemoteTestNG.run(AbstractRemoteTestNG.java:126)
	at org.testng.remote.RemoteTestNG.initAndRun(RemoteTestNG.java:137)
	at org.testng.remote.RemoteTestNG.main(RemoteTestNG.java:58)
]]>
            </full-stacktrace>
          </exception> <!-- java.lang.AssertionError -->
          <reporter-output>
          </reporter-output>
        </test-method> <!-- verifyHomePageTitle -->
        <test-method status="PASS" signature="tearDown(org.testng.ITestResult)[pri:0, instance:com.zoopla.qa.TestCases.HomePageTest@6b09bb57]" name="tearDown" is-config="true" duration-ms="1159" started-at="2019-08-07T21:42:15Z" finished-at="2019-08-07T21:42:16Z">
          <params>
            <param index="0">
              <value>
                <![CDATA[[TestResult name=verifyHomePageTitle status=FAILURE method=HomePageTest.verifyHomePageTitle(java.lang.reflect.Method)[pri:1, instance:com.zoopla.qa.TestCases.HomePageTest@6b09bb57] output={null}]]]>
              </value>
            </param>
          </params>
          <reporter-output>
          </reporter-output>
        </test-method> <!-- tearDown -->
        <test-method status="PASS" signature="setUp()[pri:0, instance:com.zoopla.qa.TestCases.HomePageTest@6b09bb57]" name="setUp" is-config="true" duration-ms="10546" started-at="2019-08-07T21:42:16Z" finished-at="2019-08-07T21:42:27Z">
          <reporter-output>
          </reporter-output>
        </test-method> <!-- setUp -->
        <test-method status="PASS" signature="verityZooplaLogo(java.lang.reflect.Method)[pri:2, instance:com.zoopla.qa.TestCases.HomePageTest@6b09bb57]" name="verityZooplaLogo" duration-ms="70" started-at="2019-08-07T21:42:27Z" finished-at="2019-08-07T21:42:27Z">
          <params>
            <param index="0">
              <value>
                <![CDATA[public void com.zoopla.qa.TestCases.HomePageTest.verityZooplaLogo(java.lang.reflect.Method)]]>
              </value>
            </param>
          </params>
          <reporter-output>
          </reporter-output>
        </test-method> <!-- verityZooplaLogo -->
        <test-method status="PASS" signature="tearDown(org.testng.ITestResult)[pri:0, instance:com.zoopla.qa.TestCases.HomePageTest@6b09bb57]" name="tearDown" is-config="true" duration-ms="611" started-at="2019-08-07T21:42:27Z" finished-at="2019-08-07T21:42:27Z">
          <params>
            <param index="0">
              <value>
                <![CDATA[[TestResult name=verityZooplaLogo status=SUCCESS method=HomePageTest.verityZooplaLogo(java.lang.reflect.Method)[pri:2, instance:com.zoopla.qa.TestCases.HomePageTest@6b09bb57] output={null}]]]>
              </value>
            </param>
          </params>
          <reporter-output>
          </reporter-output>
        </test-method> <!-- tearDown -->
        <test-method status="PASS" signature="setUp()[pri:0, instance:com.zoopla.qa.TestCases.HomePageTest@6b09bb57]" name="setUp" is-config="true" duration-ms="10998" started-at="2019-08-07T21:42:27Z" finished-at="2019-08-07T21:42:38Z">
          <reporter-output>
          </reporter-output>
        </test-method> <!-- setUp -->
        <test-method status="PASS" signature="enterCityNameToSearchBox(java.lang.reflect.Method)[pri:3, instance:com.zoopla.qa.TestCases.HomePageTest@6b09bb57]" name="enterCityNameToSearchBox" duration-ms="7152" started-at="2019-08-07T21:42:38Z" finished-at="2019-08-07T21:42:46Z">
          <params>
            <param index="0">
              <value>
                <![CDATA[public void com.zoopla.qa.TestCases.HomePageTest.enterCityNameToSearchBox(java.lang.reflect.Method)]]>
              </value>
            </param>
          </params>
          <reporter-output>
          </reporter-output>
        </test-method> <!-- enterCityNameToSearchBox -->
        <test-method status="PASS" signature="tearDown(org.testng.ITestResult)[pri:0, instance:com.zoopla.qa.TestCases.HomePageTest@6b09bb57]" name="tearDown" is-config="true" duration-ms="650" started-at="2019-08-07T21:42:46Z" finished-at="2019-08-07T21:42:46Z">
          <params>
            <param index="0">
              <value>
                <![CDATA[[TestResult name=enterCityNameToSearchBox status=SUCCESS method=HomePageTest.enterCityNameToSearchBox(java.lang.reflect.Method)[pri:3, instance:com.zoopla.qa.TestCases.HomePageTest@6b09bb57] output={null}]]]>
              </value>
            </param>
          </params>
          <reporter-output>
          </reporter-output>
        </test-method> <!-- tearDown -->
        <test-method status="PASS" signature="endReport()[pri:0, instance:com.zoopla.qa.TestCases.HomePageTest@6b09bb57]" name="endReport" is-config="true" duration-ms="560" started-at="2019-08-07T21:44:34Z" finished-at="2019-08-07T21:44:34Z">
          <reporter-output>
          </reporter-output>
        </test-method> <!-- endReport -->
      </class> <!-- com.zoopla.qa.TestCases.HomePageTest -->
    </test> <!-- Zoopla Tests -->
  </suite> <!-- Zoopla Suite -->
</testng-results>
