<?xml version="1.0" encoding="UTF-8"?>
<testng-results skipped="0" failed="0" ignored="0" total="1" passed="1">
  <reporter-output>
  </reporter-output>
  <suite name="Default suite" duration-ms="40585" started-at="2019-06-15T15:16:29Z" finished-at="2019-06-15T15:17:10Z">
    <groups>
    </groups>
    <test name="Default test" duration-ms="40585" started-at="2019-06-15T15:16:29Z" finished-at="2019-06-15T15:17:10Z">
      <class name="com.crm.qa.TestCases.AgentsPageTest">
        <test-method status="PASS" signature="setUp()[pri:0, instance:com.crm.qa.TestCases.AgentsPageTest@1d176f7]" name="setUp" is-config="true" duration-ms="39594" started-at="2019-06-15T20:46:29Z" finished-at="2019-06-15T20:47:09Z">
          <reporter-output>
          </reporter-output>
        </test-method> <!-- setUp -->
        <test-method status="PASS" signature="printAgentsName()[pri:0, instance:com.crm.qa.TestCases.AgentsPageTest@1d176f7]" name="printAgentsName" duration-ms="19" started-at="2019-06-15T20:47:09Z" finished-at="2019-06-15T20:47:09Z">
          <reporter-output>
          </reporter-output>
        </test-method> <!-- printAgentsName -->
        <test-method status="PASS" signature="tearDown()[pri:0, instance:com.crm.qa.TestCases.AgentsPageTest@1d176f7]" name="tearDown" is-config="true" duration-ms="919" started-at="2019-06-15T20:47:09Z" finished-at="2019-06-15T20:47:10Z">
          <reporter-output>
          </reporter-output>
        </test-method> <!-- tearDown -->
      </class> <!-- com.crm.qa.TestCases.AgentsPageTest -->
    </test> <!-- Default test -->
  </suite> <!-- Default suite -->
</testng-results>
