<?xml version="1.0" encoding="UTF-8"?>
<!-- Generated by org.testng.reporters.JUnitXMLReporter -->
<testsuite hostname="Admin-PC" name="Zoopla Site Smoke Test Case" tests="3" failures="1" timestamp="5 Aug 2019 17:35:19 GMT" time="47.375" errors="0">
  <testcase name="verifyHomePageTitle" time="0.024" classname="com.zoopla.qa.TestCases.HomePageTest">
    <failure type="java.lang.AssertionError" message="expected [Zoopla &amp;gt; Search Property to Buy, Rent, House Prices, Estate Agents11] but found [www.zoopla.co.uk]">
      <![CDATA[java.lang.AssertionError: expected [Zoopla > Search Property to Buy, Rent, House Prices, Estate Agents11] but found [www.zoopla.co.uk]
	at com.zoopla.qa.TestCases.HomePageTest.verifyHomePageTitle(HomePageTest.java:37)
... Removed 31 stack frames]]>
    </failure>
  </testcase> <!-- verifyHomePageTitle -->
  <testcase name="verityZooplaLogo" time="0.063" classname="com.zoopla.qa.TestCases.HomePageTest"/>
  <testcase name="enterCityNameToSearchBox" time="7.514" classname="com.zoopla.qa.TestCases.HomePageTest"/>
</testsuite> <!-- Zoopla Site Smoke Test Case -->
