<?xml version="1.0" encoding="UTF-8"?>
<!-- Generated by org.testng.reporters.JUnitXMLReporter -->
<testsuite hostname="Admin-PC" name="Zoopla Tests" tests="7" failures="3" timestamp="7 Aug 2019 20:06:06 GMT" time="150.732" errors="0">
  <testcase name="verifyHomePageTitle" time="0.035" classname="com.zoopla.qa.TestCases.HomePageTest">
    <failure type="java.lang.AssertionError" message="expected [Zoopla &amp;gt; Search Property to Buy, Rent, House Prices, Estate Agents11] but found [Zoopla &amp;gt; Search Property to Buy, Rent, House Prices, Estate Agents]">
      <![CDATA[java.lang.AssertionError: expected [Zoopla > Search Property to Buy, Rent, House Prices, Estate Agents11] but found [Zoopla > Search Property to Buy, Rent, House Prices, Estate Agents]
	at com.zoopla.qa.TestCases.HomePageTest.verifyHomePageTitle(HomePageTest.java:38)
... Removed 31 stack frames]]>
    </failure>
  </testcase> <!-- verifyHomePageTitle -->
  <testcase name="verityZooplaLogo" time="0.063" classname="com.zoopla.qa.TestCases.HomePageTest"/>
  <testcase name="enterCityNameToSearchBox" time="27.556" classname="com.zoopla.qa.TestCases.HomePageTest"/>
  <testcase name="verifySalesPageTitle" time="0.009" classname="com.zoopla.qa.TestCases.SalesPageTest">
    <failure type="java.lang.AssertionError" message="expected [Property for Sale in London - Buy Properties in London - Zoopla11] but found [Property for Sale in London - Buy Properties in London - Zoopla]">
      <![CDATA[java.lang.AssertionError: expected [Property for Sale in London - Buy Properties in London - Zoopla11] but found [Property for Sale in London - Buy Properties in London - Zoopla]
	at com.zoopla.qa.TestCases.SalesPageTest.verifySalesPageTitle(SalesPageTest.java:40)
... Removed 31 stack frames]]>
    </failure>
  </testcase> <!-- verifySalesPageTitle -->
  <testcase name="verityZooplaLogo" time="0.052" classname="com.zoopla.qa.TestCases.SalesPageTest"/>
  <testcase name="printListValues" time="0.995" classname="com.zoopla.qa.TestCases.SalesPageTest"/>
  <testcase name="clickOnPositionValue" time="0.913" classname="com.zoopla.qa.TestCases.SalesPageTest">
    <failure type="org.openqa.selenium.WebDriverException" message="unknown error: Element &amp;lt;a href=&amp;quot;/for-sale/details/52339340?search_identifier=6323219902a84fc51cd97861178ef6ce&amp;quot; class=&amp;quot;listing-results-price text-price&amp;quot;&amp;gt;...&amp;lt;/a&amp;gt; is not clickable at point (513, 436). Other element would receive the click: &amp;lt;h3 class=&amp;quot;listing-results-attr&amp;quot;&amp;gt;...&amp;lt;/h3&amp;gt;
  (Session info: chrome=75.0.3770.142)
  (Driver info: chromedriver=2.40.565498 (ea082db3280dd6843ebfb08a625e3eb905c4f5ab),platform=Windows NT 6.1.7601 SP1 x86_64) (WARNING: The server did not provide any stacktrace information)
Command duration or timeout: 0 milliseconds
Build info: version: &amp;apos;3.14.0&amp;apos;, revision: &amp;apos;aacccce0&amp;apos;, time: &amp;apos;2018-08-02T20:19:58.91Z&amp;apos;
System info: host: &amp;apos;ADMIN-PC&amp;apos;, ip: &amp;apos;172.20.10.3&amp;apos;, os.name: &amp;apos;Windows 7&amp;apos;, os.arch: &amp;apos;amd64&amp;apos;, os.version: &amp;apos;6.1&amp;apos;, java.version: &amp;apos;1.8.0_211&amp;apos;
Driver info: org.openqa.selenium.chrome.ChromeDriver
Capabilities {acceptInsecureCerts: false, acceptSslCerts: false, applicationCacheEnabled: false, browserConnectionEnabled: false, browserName: chrome, chrome: {chromedriverVersion: 2.40.565498 (ea082db3280dd6..., userDataDir: C:\Users\Admin\AppData\Loca...}, cssSelectorsEnabled: true, databaseEnabled: false, handlesAlerts: true, hasTouchScreen: false, javascriptEnabled: true, locationContextEnabled: true, mobileEmulationEnabled: false, nativeEvents: true, networkConnectionEnabled: false, pageLoadStrategy: normal, platform: XP, platformName: XP, rotatable: false, setWindowRect: true, takesHeapSnapshot: true, takesScreenshot: true, unexpectedAlertBehaviour: , unhandledPromptBehavior: , version: 75.0.3770.142, webStorageEnabled: true}
Session ID: c607f510e505ab9309f457bedae22e1d">
      <![CDATA[org.openqa.selenium.WebDriverException: unknown error: Element <a href="/for-sale/details/52339340?search_identifier=6323219902a84fc51cd97861178ef6ce" class="listing-results-price text-price">...</a> is not clickable at point (513, 436). Other element would receive the click: <h3 class="listing-results-attr">...</h3>
  (Session info: chrome=75.0.3770.142)
  (Driver info: chromedriver=2.40.565498 (ea082db3280dd6843ebfb08a625e3eb905c4f5ab),platform=Windows NT 6.1.7601 SP1 x86_64) (WARNING: The server did not provide any stacktrace information)
Command duration or timeout: 0 milliseconds
Build info: version: '3.14.0', revision: 'aacccce0', time: '2018-08-02T20:19:58.91Z'
System info: host: 'ADMIN-PC', ip: '172.20.10.3', os.name: 'Windows 7', os.arch: 'amd64', os.version: '6.1', java.version: '1.8.0_211'
Driver info: org.openqa.selenium.chrome.ChromeDriver
Capabilities {acceptInsecureCerts: false, acceptSslCerts: false, applicationCacheEnabled: false, browserConnectionEnabled: false, browserName: chrome, chrome: {chromedriverVersion: 2.40.565498 (ea082db3280dd6..., userDataDir: C:\Users\Admin\AppData\Loca...}, cssSelectorsEnabled: true, databaseEnabled: false, handlesAlerts: true, hasTouchScreen: false, javascriptEnabled: true, locationContextEnabled: true, mobileEmulationEnabled: false, nativeEvents: true, networkConnectionEnabled: false, pageLoadStrategy: normal, platform: XP, platformName: XP, rotatable: false, setWindowRect: true, takesHeapSnapshot: true, takesScreenshot: true, unexpectedAlertBehaviour: , unhandledPromptBehavior: , version: 75.0.3770.142, webStorageEnabled: true}
Session ID: c607f510e505ab9309f457bedae22e1d
	at org.openqa.selenium.remote.ErrorHandler.createThrowable(ErrorHandler.java:214)
	at org.openqa.selenium.remote.ErrorHandler.throwIfResponseFailed(ErrorHandler.java:166)
	at org.openqa.selenium.remote.http.JsonHttpResponseCodec.reconstructValue(JsonHttpResponseCodec.java:40)
	at org.openqa.selenium.remote.http.AbstractHttpResponseCodec.decode(AbstractHttpResponseCodec.java:80)
	at org.openqa.selenium.remote.http.AbstractHttpResponseCodec.decode(AbstractHttpResponseCodec.java:44)
	at org.openqa.selenium.remote.HttpCommandExecutor.execute(HttpCommandExecutor.java:158)
	at org.openqa.selenium.remote.service.DriverCommandExecutor.execute(DriverCommandExecutor.java:83)
	at org.openqa.selenium.remote.RemoteWebDriver.execute(RemoteWebDriver.java:548)
	at org.openqa.selenium.remote.RemoteWebElement.execute(RemoteWebElement.java:276)
	at org.openqa.selenium.remote.RemoteWebElement.click(RemoteWebElement.java:83)
	at org.openqa.selenium.support.events.EventFiringWebDriver$EventFiringWebElement.lambda$new$0(EventFiringWebDriver.java:403)
	at com.sun.proxy.$Proxy15.click(Unknown Source)
	at org.openqa.selenium.support.events.EventFiringWebDriver$EventFiringWebElement.click(EventFiringWebDriver.java:416)
	at com.zoopla.qa.Pages.SalesPage.getPropertyByPosition(SalesPage.java:59)
	at com.zoopla.qa.TestCases.SalesPageTest.clickOnPositionValue(SalesPageTest.java:65)
... Removed 33 stack frames]]>
    </failure>
  </testcase> <!-- clickOnPositionValue -->
</testsuite> <!-- Zoopla Tests -->
