<?xml version="1.0" encoding="UTF-8"?>
<!-- Generated by org.testng.reporters.JUnitXMLReporter -->
<testsuite hostname="Admin-PC" name="Zoopla Tests" tests="7" failures="2" timestamp="18 Aug 2019 15:31:28 GMT" time="116.992" errors="0">
  <testcase name="verifyHomePageTitle" time="0.033" classname="com.zoopla.qa.TestCases.HomePageTest">
    <failure type="java.lang.AssertionError" message="expected [Zoopla &amp;gt; Search Property to Buy, Rent, House Prices, Estate Agents11] but found [Zoopla &amp;gt; Search Property to Buy, Rent, House Prices, Estate Agents]">
      <![CDATA[java.lang.AssertionError: expected [Zoopla > Search Property to Buy, Rent, House Prices, Estate Agents11] but found [Zoopla > Search Property to Buy, Rent, House Prices, Estate Agents]
	at com.zoopla.qa.TestCases.HomePageTest.verifyHomePageTitle(HomePageTest.java:38)
... Removed 31 stack frames]]>
    </failure>
  </testcase> <!-- verifyHomePageTitle -->
  <testcase name="verityZooplaLogo" time="0.726" classname="com.zoopla.qa.TestCases.HomePageTest"/>
  <testcase name="enterCityNameToSearchBox" time="10.108" classname="com.zoopla.qa.TestCases.HomePageTest"/>
  <testcase name="verifySalesPageTitle" time="0.014" classname="com.zoopla.qa.TestCases.SalesPageTest">
    <failure type="java.lang.AssertionError" message="expected [Property for Sale in London - Buy Properties in London - Zoopla11] but found [Property for Sale in London - Buy Properties in London - Zoopla]">
      <![CDATA[java.lang.AssertionError: expected [Property for Sale in London - Buy Properties in London - Zoopla11] but found [Property for Sale in London - Buy Properties in London - Zoopla]
	at com.zoopla.qa.TestCases.SalesPageTest.verifySalesPageTitle(SalesPageTest.java:40)
... Removed 31 stack frames]]>
    </failure>
  </testcase> <!-- verifySalesPageTitle -->
  <testcase name="verityZooplaLogo" time="0.043" classname="com.zoopla.qa.TestCases.SalesPageTest"/>
  <testcase name="printListValues" time="0.956" classname="com.zoopla.qa.TestCases.SalesPageTest"/>
  <testcase name="clickOnPositionValue" time="6.132" classname="com.zoopla.qa.TestCases.SalesPageTest"/>
</testsuite> <!-- Zoopla Tests -->
